0 info it worked if it ends with ok
1 verbose cli [ '/usr/local/bin/node',
1 verbose cli   '/usr/local/bin/npm',
1 verbose cli   'install',
1 verbose cli   '-g',
1 verbose cli   'heroku' ]
2 info using npm@1.4.3
3 info using node@v0.10.26
4 verbose cache add [ 'heroku', null ]
5 verbose cache add name=undefined spec="heroku" args=["heroku",null]
6 verbose parsed url { protocol: null,
6 verbose parsed url   slashes: null,
6 verbose parsed url   auth: null,
6 verbose parsed url   host: null,
6 verbose parsed url   port: null,
6 verbose parsed url   hostname: null,
6 verbose parsed url   hash: null,
6 verbose parsed url   search: null,
6 verbose parsed url   query: null,
6 verbose parsed url   pathname: 'heroku',
6 verbose parsed url   path: 'heroku',
6 verbose parsed url   href: 'heroku' }
7 silly lockFile 9aef5f5a-heroku heroku
8 verbose lock heroku /home/vagrant/.npm/9aef5f5a-heroku.lock
9 silly lockFile 9aef5f5a-heroku heroku
10 silly lockFile 9aef5f5a-heroku heroku
11 verbose addNamed [ 'heroku', '' ]
12 verbose addNamed [ null, '*' ]
13 silly lockFile 91601de1-heroku heroku@
14 verbose lock heroku@ /home/vagrant/.npm/91601de1-heroku.lock
15 silly addNameRange { name: 'heroku', range: '*', hasData: false }
16 verbose url raw heroku
17 verbose url resolving [ 'https://registry.npmjs.org/', './heroku' ]
18 verbose url resolved https://registry.npmjs.org/heroku
19 info trying registry request attempt 1 at 06:36:45
20 verbose etag "884542ff026f6470872a36dcd2f731c3"
21 http GET https://registry.npmjs.org/heroku
22 http 304 https://registry.npmjs.org/heroku
23 silly registry.get cb [ 304,
23 silly registry.get   { date: 'Sun, 10 Feb 2019 19:13:58 GMT',
23 silly registry.get     connection: 'keep-alive',
23 silly registry.get     'set-cookie': [ '__cfduid=da1fd57404a2856bd288267dff8df57161549826038; expires=Mon, 10-Feb-20 19:13:58 GMT; path=/; domain=.registry.npmjs.org; HttpOnly' ],
23 silly registry.get     'cf-cache-status': 'HIT',
23 silly registry.get     'cache-control': 'max-age=300',
23 silly registry.get     'cf-ray': '4a70e564ab155576-ORD',
23 silly registry.get     etag: '"884542ff026f6470872a36dcd2f731c3"',
23 silly registry.get     'expect-ct': 'max-age=604800, report-uri="https://report-uri.cloudflare.com/cdn-cgi/beacon/expect-ct"',
23 silly registry.get     'last-modified': 'Wed, 06 Feb 2019 19:18:59 GMT',
23 silly registry.get     vary: 'accept-encoding, accept',
23 silly registry.get     'x-amz-meta-rev': '232-7a5fb92e737a6876400f5785a021f44b',
23 silly registry.get     server: 'cloudflare' } ]
24 verbose etag heroku from cache
25 silly addNameRange number 2 { name: 'heroku', range: '*', hasData: true }
26 silly addNameRange versions [ 'heroku',
26 silly addNameRange   [ '0.0.1',
26 silly addNameRange     '0.0.2',
26 silly addNameRange     '0.0.3',
26 silly addNameRange     '0.0.4',
26 silly addNameRange     '0.0.5',
26 silly addNameRange     '0.0.6',
26 silly addNameRange     '0.0.7',
26 silly addNameRange     '0.1.0',
26 silly addNameRange     '0.1.1',
26 silly addNameRange     '0.1.2',
26 silly addNameRange     '0.1.3',
26 silly addNameRange     '0.2.0',
26 silly addNameRange     '7.4.3',
26 silly addNameRange     '7.4.4',
26 silly addNameRange     '7.4.5',
26 silly addNameRange     '7.4.6',
26 silly addNameRange     '7.4.7',
26 silly addNameRange     '7.4.8',
26 silly addNameRange     '7.4.9',
26 silly addNameRange     '7.4.10',
26 silly addNameRange     '7.4.11',
26 silly addNameRange     '7.5.0',
26 silly addNameRange     '7.5.1',
26 silly addNameRange     '7.5.2',
26 silly addNameRange     '7.5.3',
26 silly addNameRange     '7.5.4',
26 silly addNameRange     '7.5.5',
26 silly addNameRange     '7.5.6',
26 silly addNameRange     '7.5.7',
26 silly addNameRange     '7.5.8',
26 silly addNameRange     '7.5.9',
26 silly addNameRange     '7.5.10',
26 silly addNameRange     '7.5.11',
26 silly addNameRange     '7.6.0',
26 silly addNameRange     '7.6.1',
26 silly addNameRange     '7.7.0',
26 silly addNameRange     '7.7.1',
26 silly addNameRange     '7.7.2',
26 silly addNameRange     '7.7.3',
26 silly addNameRange     '7.7.4',
26 silly addNameRange     '7.7.5',
26 silly addNameRange     '7.7.6',
26 silly addNameRange     '7.7.7',
26 silly addNameRange     '7.7.8',
26 silly addNameRange     '7.7.10',
26 silly addNameRange     '7.8.0',
26 silly addNameRange     '7.8.1',
26 silly addNameRange     '7.9.0',
26 silly addNameRange     '7.9.1',
26 silly addNameRange     '7.9.2',
26 silly addNameRange     '7.9.3',
26 silly addNameRange     '7.9.4',
26 silly addNameRange     '7.10.0',
26 silly addNameRange     '7.10.1',
26 silly addNameRange     '7.11.0',
26 silly addNameRange     '7.12.0',
26 silly addNameRange     '7.12.1',
26 silly addNameRange     '7.12.2',
26 silly addNameRange     '7.12.3',
26 silly addNameRange     '7.12.4',
26 silly addNameRange     '7.12.5',
26 silly addNameRange     '7.12.6',
26 silly addNameRange     '7.13.0',
26 silly addNameRange     '7.14.0',
26 silly addNameRange     '7.14.1',
26 silly addNameRange     '7.14.2',
26 silly addNameRange     '7.14.3',
26 silly addNameRange     '7.14.4',
26 silly addNameRange     '7.15.0',
26 silly addNameRange     '7.15.1',
26 silly addNameRange     '7.15.2',
26 silly addNameRange     '7.16.0',
26 silly addNameRange     '7.16.1',
26 silly addNameRange     '7.16.3',
26 silly addNameRange     '7.16.4',
26 silly addNameRange     '7.16.5',
26 silly addNameRange     '7.16.6',
26 silly addNameRange     '7.16.7',
26 silly addNameRange     '7.16.8',
26 silly addNameRange     '7.17.0',
26 silly addNameRange     '7.17.1',
26 silly addNameRange     '7.17.2',
26 silly addNameRange     '7.18.1',
26 silly addNameRange     '7.18.2',
26 silly addNameRange     '7.18.3',
26 silly addNameRange     '7.18.4',
26 silly addNameRange     '7.18.5',
26 silly addNameRange     '7.18.6',
26 silly addNameRange     '7.18.7',
26 silly addNameRange     '7.18.8',
26 silly addNameRange     '7.18.9',
26 silly addNameRange     '7.18.10',
26 silly addNameRange     '7.19.1',
26 silly addNameRange     '7.19.2',
26 silly addNameRange     '7.19.3',
26 silly addNameRange     '7.19.4',
26 silly addNameRange     '7.20.0',
26 silly addNameRange     '7.20.1' ] ]
27 verbose addNamed [ 'heroku', '7.20.1' ]
28 verbose addNamed [ '7.20.1', '7.20.1' ]
29 silly lockFile e49bcaf9-heroku-7-20-1 heroku@7.20.1
30 verbose lock heroku@7.20.1 /home/vagrant/.npm/e49bcaf9-heroku-7-20-1.lock
31 silly lockFile e49bcaf9-heroku-7-20-1 heroku@7.20.1
32 silly lockFile e49bcaf9-heroku-7-20-1 heroku@7.20.1
33 silly lockFile 91601de1-heroku heroku@
34 silly lockFile 91601de1-heroku heroku@
35 silly resolved [ { name: 'heroku',
35 silly resolved     description: 'CLI to interact with Heroku',
35 silly resolved     version: '7.20.1',
35 silly resolved     author: { name: 'Jeff Dickey @jdxcode' },
35 silly resolved     bin: { heroku: './bin/run' },
35 silly resolved     bugs: { url: 'https://github.com/heroku/cli/issues' },
35 silly resolved     dependencies:
35 silly resolved      { '@heroku-cli/color': '1.1.14',
35 silly resolved        '@heroku-cli/command': '^8.2.6',
35 silly resolved        '@heroku-cli/plugin-addons-v5': '^7.20.0',
35 silly resolved        '@heroku-cli/plugin-apps-v5': '^7.20.0',
35 silly resolved        '@heroku-cli/plugin-auth': '^7.20.0',
35 silly resolved        '@heroku-cli/plugin-autocomplete': '^7.20.0',
35 silly resolved        '@heroku-cli/plugin-buildpacks': '^7.20.0',
35 silly resolved        '@heroku-cli/plugin-certs': '^7.20.0',
35 silly resolved        '@heroku-cli/plugin-certs-v5': '^7.20.0',
35 silly resolved        '@heroku-cli/plugin-ci': '^7.20.0',
35 silly resolved        '@heroku-cli/plugin-ci-v5': '^7.20.0',
35 silly resolved        '@heroku-cli/plugin-config': '^7.20.0',
35 silly resolved        '@heroku-cli/plugin-container-registry-v5': '^7.20.0',
35 silly resolved        '@heroku-cli/plugin-git': '^7.20.0',
35 silly resolved        '@heroku-cli/plugin-local-v5': '^7.20.0',
35 silly resolved        '@heroku-cli/plugin-oauth-v5': '^7.20.0',
35 silly resolved        '@heroku-cli/plugin-orgs-v5': '^7.20.0',
35 silly resolved        '@heroku-cli/plugin-pg-v5': '^7.20.0',
35 silly resolved        '@heroku-cli/plugin-pipelines-v5': '^7.20.1',
35 silly resolved        '@heroku-cli/plugin-ps': '^7.20.0',
35 silly resolved        '@heroku-cli/plugin-ps-exec': '2.3.5',
35 silly resolved        '@heroku-cli/plugin-redis-v5': '^7.20.0',
35 silly resolved        '@heroku-cli/plugin-run-v5': '^7.20.0',
35 silly resolved        '@heroku-cli/plugin-spaces': '^7.20.0',
35 silly resolved        '@heroku-cli/plugin-status': '^7.20.0',
35 silly resolved        '@heroku-cli/plugin-webhooks-v5': '^7.20.0',
35 silly resolved        '@oclif/command': '1.5.6',
35 silly resolved        '@oclif/config': '1.9.0',
35 silly resolved        '@oclif/errors': '1.2.2',
35 silly resolved        '@oclif/plugin-commands': '^1.2.2',
35 silly resolved        '@oclif/plugin-help': '2.1.4',
35 silly resolved        '@oclif/plugin-legacy': '1.1.3',
35 silly resolved        '@oclif/plugin-not-found': '1.2.2',
35 silly resolved        '@oclif/plugin-plugins': '1.7.3',
35 silly resolved        '@oclif/plugin-update': '1.3.9',
35 silly resolved        '@oclif/plugin-warn-if-update-available': '1.5.4',
35 silly resolved        '@oclif/plugin-which': '1.0.3',
35 silly resolved        'cli-ux': '4.9.3',
35 silly resolved        debug: '4.1.0',
35 silly resolved        execa: '1.0.0',
35 silly resolved        'fs-extra': '7.0.1',
35 silly resolved        'http-call': '5.2.3',
35 silly resolved        'netrc-parser': '3.1.6',
35 silly resolved        semver: '5.6.0',
35 silly resolved        tslib: '1.9.3',
35 silly resolved        uuid: '3.3.2' },
35 silly resolved     devDependencies:
35 silly resolved      { '@oclif/dev-cli': '^1.19.5',
35 silly resolved        '@oclif/test': '^1.2.2',
35 silly resolved        '@oclif/tslint': '^3.1.1',
35 silly resolved        '@types/ansi-styles': '^3.2.1',
35 silly resolved        '@types/chai': '^4.1.7',
35 silly resolved        '@types/debug': '^0.0.31',
35 silly resolved        '@types/execa': '^0.9.0',
35 silly resolved        '@types/fs-extra': '^5.0.4',
35 silly resolved        '@types/glob': '^7.1.1',
35 silly resolved        '@types/lodash': '^4.14.119',
35 silly resolved        '@types/mocha': '^5.2.5',
35 silly resolved        '@types/nock': '^9.3.0',
35 silly resolved        '@types/node': '^10.12.12',
35 silly resolved        '@types/supports-color': '^5.3.0',
35 silly resolved        '@types/write-json-file': '^2.2.1',
35 silly resolved        'aws-sdk': '^2.370.0',
35 silly resolved        chai: '^4.2.0',
35 silly resolved        lerna: '^3.5.1',
35 silly resolved        lodash: '^4.17.11',
35 silly resolved        mocha: '^5.2.0',
35 silly resolved        nock: '^9.3.2',
35 silly resolved        qqjs: '^0.3.10',
35 silly resolved        'read-pkg': '^4.0.1',
35 silly resolved        'ts-node': '^7.0.1',
35 silly resolved        tslint: '^5.11.0',
35 silly resolved        typescript: '3.2.1' },
35 silly resolved     engines: { node: '>=8.3.0' },
35 silly resolved     files:
35 silly resolved      [ '/oclif.manifest.json',
35 silly resolved        '/bin',
35 silly resolved        '/lib',
35 silly resolved        '/npm-shrinkwrap.json',
35 silly resolved        '/yarn.lock' ],
35 silly resolved     homepage: 'https://cli.heroku.com',
35 silly resolved     keywords: [ 'heroku', 'heroku-cli-plugin' ],
35 silly resolved     license: 'ISC',
35 silly resolved     main: 'lib/index.js',
35 silly resolved     oclif:
35 silly resolved      { commands: './lib/commands',
35 silly resolved        plugins: [Object],
35 silly resolved        bin: 'heroku',
35 silly resolved        dirname: 'heroku',
35 silly resolved        scope: 'heroku-cli',
35 silly resolved        npmRegistry: 'https://registry.npmjs.org',
35 silly resolved        macos: [Object],
35 silly resolved        topics: [Object],
35 silly resolved        hooks: [Object],
35 silly resolved        update: [Object],
35 silly resolved        aliases: [Object] },
35 silly resolved     repository: { type: 'git', url: 'git://github.com/heroku/cli' },
35 silly resolved     scripts:
35 silly resolved      { build: 'rm -rf lib && tsc',
35 silly resolved        postpublish: 'rm -f oclif.manifest.json',
35 silly resolved        posttest: 'tsc -p test --noEmit && tslint -p test -t stylish',
35 silly resolved        prepack: 'yarn run build && oclif-dev manifest',
35 silly resolved        test: 'mocha --forbid-only "test/**/*.test.ts"',
35 silly resolved        version: 'oclif-dev readme --multi && git add README.md ../../docs' },
35 silly resolved     types: 'lib/index.d.ts',
35 silly resolved     gitHead: '12cf6016fe792a811d0da90d0f4ce28e3c972bf4',
35 silly resolved     readme: 'Heroku CLI\n==========\n\n![Heroku logo](https://d4yt8xl9b7in.cloudfront.net/assets/home/logotype-heroku.png)\n\n[![Circle CI](https://circleci.com/gh/heroku/cli/tree/master.svg?style=svg)](https://circleci.com/gh/heroku/cli/tree/master)\n[![Build status](https://ci.appveyor.com/api/projects/status/ouee3b9d7jwkjcr1/branch/master?svg=true)](https://ci.appveyor.com/project/Heroku/cli/branch/master)\n[![CircleCI](https://circleci.com/gh/heroku/cli-macos-installer/tree/master.svg?style=svg&circle-token=90b3b4392dc1668e97108edabdfc2c6baddc3a17)](https://circleci.com/gh/heroku/cli-macos-installer/tree/master)\n[![Snap Status](https://build.snapcraft.io/badge/heroku/cli.svg)](https://build.snapcraft.io/user/heroku/cli)\n[![ISC License](https://img.shields.io/github/license/heroku/cli.svg)](https://github.com/heroku/cli/blob/master/LICENSE)\n[![homebrew](https://img.shields.io/homebrew/v/heroku.svg)](https://github.com/Homebrew/homebrew-core/blob/master/Formula/heroku.rb)\n[![npm](https://img.shields.io/npm/v/heroku.svg)](https://www.npmjs.com/package/heroku)\n\nThe Heroku CLI is used to manage Heroku apps from the command line. It is built using [oclif](https://oclif.io).\n\nFor more about Heroku see <https://www.heroku.com/home>\n\nTo get started see <https://devcenter.heroku.com/start>\n\nOverview\n========\n\nThis is the next generation Node-based Heroku CLI.  The goals of this project were to make plugins more flexible, remove Ruby as a runtime dependency, and make the CLI faster.\n\nIt has identical functionality to the old Ruby CLI. Under the hood, it is a modular CLI made up of node.js plugins.\n\nFor more on developing plugins, read [Developing CLI Plugins](https://devcenter.heroku.com/articles/developing-cli-plugins)\n\nIssues\n======\n\nFor problems directly related to the CLI, [add an issue on GitHub](https://github.com/heroku/cli/issues/new).\n\nFor other issues, [submit a support ticket](https://help.heroku.com/).\n\n[Contributors](https://github.com/heroku/cli/contributors)\n\n<!-- commands -->\n# Command Topics\n\n* [`heroku access`](docs/access.md) - manage user access to apps\n* [`heroku addons`](docs/addons.md) - tools and services for developing, extending, and operating your app\n* [`heroku apps`](docs/apps.md) - manage apps on Heroku\n* [`heroku auth`](docs/auth.md) - check 2fa status\n* [`heroku authorizations`](docs/authorizations.md) - OAuth authorizations\n* [`heroku autocomplete`](docs/autocomplete.md) - display autocomplete installation instructions\n* [`heroku buildpacks`](docs/buildpacks.md) - scripts used to compile apps\n* [`heroku certs`](docs/certs.md) - a topic for the ssl plugin\n* [`heroku ci`](docs/ci.md) - run an application test suite on Heroku\n* [`heroku clients`](docs/clients.md) - OAuth clients on the platform\n* [`heroku config`](docs/config.md) - environment variables of apps\n* [`heroku container`](docs/container.md) - Use containers to build and deploy Heroku apps\n* [`heroku domains`](docs/domains.md) - custom domains for apps\n* [`heroku drains`](docs/drains.md) - forward logs to syslog or HTTPS\n* [`heroku features`](docs/features.md) - add/remove app features\n* [`heroku git`](docs/git.md) - manage local git repository for app\n* [`heroku help`](docs/help.md) - display help for heroku\n* [`heroku keys`](docs/keys.md) - add/remove account ssh keys\n* [`heroku labs`](docs/labs.md) - add/remove experimental features\n* [`heroku local`](docs/local.md) - run heroku app locally\n* [`heroku logs`](docs/logs.md) - display recent log output\n* [`heroku maintenance`](docs/maintenance.md) - enable/disable access to app\n* [`heroku members`](docs/members.md) - manage organization members\n* [`heroku notifications`](docs/notifications.md) - display notifications\n* [`heroku orgs`](docs/orgs.md) - manage organizations\n* [`heroku pg`](docs/pg.md) - manage postgresql databases\n* [`heroku pipelines`](docs/pipelines.md) - groups of apps that share the same codebase\n* [`heroku plugins`](docs/plugins.md) - list installed plugins\n* [`heroku ps`](docs/ps.md) - Client tools for Heroku Exec\n* [`heroku psql`](docs/psql.md) - open a psql shell to the database\n* [`heroku redis`](docs/redis.md) - manage heroku redis instances\n* [`heroku regions`](docs/regions.md) - list available regions for deployment\n* [`heroku releases`](docs/releases.md) - display the releases for an app\n* [`heroku reviewapps`](docs/reviewapps.md) - disposable apps built on GitHub pull requests\n* [`heroku run`](docs/run.md) - run a one-off process inside a Heroku dyno\n* [`heroku sessions`](docs/sessions.md) - OAuth sessions\n* [`heroku spaces`](docs/spaces.md) - manage heroku private spaces\n* [`heroku status`](docs/status.md) - status of the Heroku platform\n* [`heroku teams`](docs/teams.md) - manage teams\n* [`heroku update`](docs/update.md) - update the Heroku CLI\n* [`heroku webhooks`](docs/webhooks.md) - setup HTTP notifications of app activity\n\n<!-- commandsstop -->\n\nDeveloping\n==========\n\nThis project is built with [lerna](http://lernajs.io). The core plugins are located in [./packages](./packages). Run `lerna bootstrap` after cloning the repository to set it up.\n\nTo cut a release, simply run `lerna publish` and it will create a CHANGELOG from the pending commits using [Conventional Commits](http://conventionalcommits.org). CircleCI will run the jobs to publish the CLI once it receives the git tag.\n\nReview our [PR guidelines](./.github/PULL_REQUEST_TEMPLATE.md).\n',
35 silly resolved     readmeFilename: 'README.md',
35 silly resolved     _id: 'heroku@7.20.1',
35 silly resolved     _from: 'heroku@' } ]
36 info install heroku@7.20.1 into /usr/local/lib
37 info installOne heroku@7.20.1
38 warn engine heroku@7.20.1: wanted: {"node":">=8.3.0"} (current: {"node":"v0.10.26","npm":"1.4.3"})
39 info /usr/local/lib/node_modules/heroku unbuild
40 verbose tar unpack /home/vagrant/.npm/heroku/7.20.1/package.tgz
41 silly lockFile 60ca2abb-sr-local-lib-node-modules-heroku tar:///usr/local/lib/node_modules/heroku
42 verbose lock tar:///usr/local/lib/node_modules/heroku /home/vagrant/.npm/60ca2abb-sr-local-lib-node-modules-heroku.lock
43 silly lockFile b8dbe22e-nt-npm-heroku-7-20-1-package-tgz tar:///home/vagrant/.npm/heroku/7.20.1/package.tgz
44 verbose lock tar:///home/vagrant/.npm/heroku/7.20.1/package.tgz /home/vagrant/.npm/b8dbe22e-nt-npm-heroku-7-20-1-package-tgz.lock
45 silly gunzTarPerm modes [ '755', '644' ]
46 error Error: EACCES, mkdir '/usr/local/lib/node_modules/heroku'
46 error  { [Error: EACCES, mkdir '/usr/local/lib/node_modules/heroku']
46 error   errno: 3,
46 error   code: 'EACCES',
46 error   path: '/usr/local/lib/node_modules/heroku',
46 error   fstream_type: 'Directory',
46 error   fstream_path: '/usr/local/lib/node_modules/heroku',
46 error   fstream_class: 'DirWriter',
46 error   fstream_stack:
46 error    [ '/usr/local/lib/node_modules/npm/node_modules/fstream/lib/dir-writer.js:36:23',
46 error      '/usr/local/lib/node_modules/npm/node_modules/mkdirp/index.js:37:53',
46 error      'Object.oncomplete (fs.js:107:15)' ] }
47 error Please try running this command again as root/Administrator.
48 error System Linux 3.2.0-4-amd64
49 error command "/usr/local/bin/node" "/usr/local/bin/npm" "install" "-g" "heroku"
50 error cwd /vagrant/hummingbirds
51 error node -v v0.10.26
52 error npm -v 1.4.3
53 error path /usr/local/lib/node_modules/heroku
54 error fstream_path /usr/local/lib/node_modules/heroku
55 error fstream_type Directory
56 error fstream_class DirWriter
57 error code EACCES
58 error errno 3
59 error stack Error: EACCES, mkdir '/usr/local/lib/node_modules/heroku'
60 error fstream_stack /usr/local/lib/node_modules/npm/node_modules/fstream/lib/dir-writer.js:36:23
60 error fstream_stack /usr/local/lib/node_modules/npm/node_modules/mkdirp/index.js:37:53
60 error fstream_stack Object.oncomplete (fs.js:107:15)
61 verbose exit [ 3, true ]
